2017-08-03T03:29:03+00:00 PengfeideMacBook-Pro.local#00 I: Runner: processes
2017-08-03T03:29:03+00:00 PengfeideMacBook-Pro.local#00 I: Chooser: simple
2017-08-03T03:29:03+00:00 PengfeideMacBook-Pro.local#00 I: Configuration suite_name = "suite"
2017-08-03T03:29:03+00:00 PengfeideMacBook-Pro.local#00 I: Configuration cache_filename = "/Users/pengfeigao/Desktop/CS75 Principles of Compilers Design/starter-boa/_build/oUnit-$(suite_name).cache"
2017-08-03T03:29:03+00:00 PengfeideMacBook-Pro.local#00 I: Configuration osx = "false"
2017-08-03T03:29:03+00:00 PengfeideMacBook-Pro.local#00 I: Configuration display = "true"
2017-08-03T03:29:03+00:00 PengfeideMacBook-Pro.local#00 I: Configuration results_style_1_X = "false"
2017-08-03T03:29:03+00:00 PengfeideMacBook-Pro.local#00 I: Configuration verbose = "false"
2017-08-03T03:29:03+00:00 PengfeideMacBook-Pro.local#00 I: Configuration health_check_interval = "1."
2017-08-03T03:29:03+00:00 PengfeideMacBook-Pro.local#00 I: Configuration testdata_dir = "none"
2017-08-03T03:29:03+00:00 PengfeideMacBook-Pro.local#00 I: Configuration chooser = "simple"
2017-08-03T03:29:03+00:00 PengfeideMacBook-Pro.local#00 I: Configuration output_html_dir = "none"
2017-08-03T03:29:03+00:00 PengfeideMacBook-Pro.local#00 I: Configuration processes_kill_period = "5."
2017-08-03T03:29:03+00:00 PengfeideMacBook-Pro.local#00 I: Configuration runner = "processes"
2017-08-03T03:29:03+00:00 PengfeideMacBook-Pro.local#00 I: Configuration shards = "2"
2017-08-03T03:29:03+00:00 PengfeideMacBook-Pro.local#00 I: Configuration processes_grace_period = "5."
2017-08-03T03:29:03+00:00 PengfeideMacBook-Pro.local#00 I: Configuration log_encoding = "utf-8"
2017-08-03T03:29:03+00:00 PengfeideMacBook-Pro.local#00 I: Configuration output_junit_file = "none"
2017-08-03T03:29:03+00:00 PengfeideMacBook-Pro.local#00 I: Configuration output_file = "/Users/pengfeigao/Desktop/CS75 Principles of Compilers Design/starter-boa/_build/oUnit-$(suite_name)-$(shard_id).log"
2017-08-03T03:29:03+00:00 PengfeideMacBook-Pro.local#00 I: Using 2 workers maximum.
2017-08-03T03:29:03+00:00 PengfeideMacBook-Pro.local#00 I: Starting worker number PengfeideMacBook-Pro.local#01.
2017-08-03T03:29:03+00:00 PengfeideMacBook-Pro.local#00 I: Worker PengfeideMacBook-Pro.local#01 started.
2017-08-03T03:29:03+00:00 PengfeideMacBook-Pro.local#00 I: Starting worker number PengfeideMacBook-Pro.local#02.
2017-08-03T03:29:03+00:00 PengfeideMacBook-Pro.local#00 I: Worker PengfeideMacBook-Pro.local#02 started.
2017-08-03T03:29:03+00:00 PengfeideMacBook-Pro.local#00 I: 2 tests running: suite:1:prim1_anf, suite:0:forty_one_anf.
2017-08-03T03:29:03+00:00 PengfeideMacBook-Pro.local#01 I: Start test suite:0:forty_one_anf.
2017-08-03T03:29:03+00:00 PengfeideMacBook-Pro.local#00 I: 2 tests running: suite:1:prim1_anf, suite:0:forty_one_anf.
2017-08-03T03:29:03+00:00 PengfeideMacBook-Pro.local#01 I: Test suite:0:forty_one_anf is successful.
2017-08-03T03:29:03+00:00 PengfeideMacBook-Pro.local#00 I: 2 tests running: suite:1:prim1_anf, suite:0:forty_one_anf.
2017-08-03T03:29:03+00:00 PengfeideMacBook-Pro.local#01 I: End test suite:0:forty_one_anf.
2017-08-03T03:29:03+00:00 PengfeideMacBook-Pro.local#02 I: Start test suite:1:prim1_anf.
2017-08-03T03:29:03+00:00 PengfeideMacBook-Pro.local#00 I: 2 tests running: suite:1:prim1_anf, suite:0:forty_one_anf.
2017-08-03T03:29:03+00:00 PengfeideMacBook-Pro.local#00 I: 2 tests running: suite:2:prim1_anf1, suite:1:prim1_anf.
2017-08-03T03:29:03+00:00 PengfeideMacBook-Pro.local#01 I: Start test suite:2:prim1_anf1.
2017-08-03T03:29:03+00:00 PengfeideMacBook-Pro.local#00 I: 2 tests running: suite:2:prim1_anf1, suite:1:prim1_anf.
2017-08-03T03:29:03+00:00 PengfeideMacBook-Pro.local#02 I: Test suite:1:prim1_anf is successful.
2017-08-03T03:29:03+00:00 PengfeideMacBook-Pro.local#00 I: 2 tests running: suite:2:prim1_anf1, suite:1:prim1_anf.
2017-08-03T03:29:03+00:00 PengfeideMacBook-Pro.local#02 I: End test suite:1:prim1_anf.
2017-08-03T03:29:03+00:00 PengfeideMacBook-Pro.local#00 I: 2 tests running: suite:2:prim1_anf1, suite:1:prim1_anf.
2017-08-03T03:29:03+00:00 PengfeideMacBook-Pro.local#00 I: 2 tests running: suite:3:prim1_anf2, suite:2:prim1_anf1.
2017-08-03T03:29:03+00:00 PengfeideMacBook-Pro.local#01 E: Test suite:2:prim1_anf1 has failed.
2017-08-03T03:29:03+00:00 PengfeideMacBook-Pro.local#01 E: expected: (let temp_unary_2 = sub1(5) in (let temp_unary_1 = sub1(temp_unary_2) in temp_unary_1))
2017-08-03T03:29:03+00:00 PengfeideMacBook-Pro.local#01 E: but got: (let temp_unary_1 = sub1(55) in temp_unary_1) in test suite:2:prim1_anf1.
2017-08-03T03:29:03+00:00 PengfeideMacBook-Pro.local#01 E: Raised at file "src/oUnitAssert.ml", line 45, characters 2-27
2017-08-03T03:29:03+00:00 PengfeideMacBook-Pro.local#01 E: Called from file "src/oUnitRunner.ml", line 46, characters 13-26
2017-08-03T03:29:03+00:00 PengfeideMacBook-Pro.local#01 E: 
2017-08-03T03:29:03+00:00 PengfeideMacBook-Pro.local#02 I: Start test suite:3:prim1_anf2.
2017-08-03T03:29:03+00:00 PengfeideMacBook-Pro.local#00 I: 2 tests running: suite:3:prim1_anf2, suite:2:prim1_anf1.
2017-08-03T03:29:03+00:00 PengfeideMacBook-Pro.local#01 I: End test suite:2:prim1_anf1.
2017-08-03T03:29:03+00:00 PengfeideMacBook-Pro.local#00 I: 2 tests running: suite:3:prim1_anf2, suite:2:prim1_anf1.
2017-08-03T03:29:03+00:00 PengfeideMacBook-Pro.local#02 E: Test suite:3:prim1_anf2 exited with an error.
2017-08-03T03:29:03+00:00 PengfeideMacBook-Pro.local#02 E: Failure("You need to do this one (prim2)") in test suite:3:prim1_anf2.
2017-08-03T03:29:03+00:00 PengfeideMacBook-Pro.local#02 E: Raised at file "pervasives.ml", line 32, characters 17-33
2017-08-03T03:29:03+00:00 PengfeideMacBook-Pro.local#02 E: Called from file "test.ml", line 16, characters 15-28
2017-08-03T03:29:03+00:00 PengfeideMacBook-Pro.local#02 E: Called from file "src/oUnitRunner.ml", line 46, characters 13-26
2017-08-03T03:29:03+00:00 PengfeideMacBook-Pro.local#02 E: 
2017-08-03T03:29:03+00:00 PengfeideMacBook-Pro.local#00 I: 2 tests running: suite:4:forty_one_run_anf, suite:3:prim1_anf2.
2017-08-03T03:29:03+00:00 PengfeideMacBook-Pro.local#02 I: End test suite:3:prim1_anf2.
2017-08-03T03:29:03+00:00 PengfeideMacBook-Pro.local#00 I: 2 tests running: suite:4:forty_one_run_anf, suite:3:prim1_anf2.
2017-08-03T03:29:03+00:00 PengfeideMacBook-Pro.local#00 I: Still 2 tests running : suite:5:forty_one, suite:4:forty_one_run_anf.
2017-08-03T03:29:03+00:00 PengfeideMacBook-Pro.local#00 I: 2 tests running: suite:5:forty_one, suite:4:forty_one_run_anf.
2017-08-03T03:29:03+00:00 PengfeideMacBook-Pro.local#01 I: Start test suite:4:forty_one_run_anf.
2017-08-03T03:29:03+00:00 PengfeideMacBook-Pro.local#00 I: Still 2 tests running : suite:5:forty_one, suite:4:forty_one_run_anf.
2017-08-03T03:29:03+00:00 PengfeideMacBook-Pro.local#00 I: 2 tests running: suite:5:forty_one, suite:4:forty_one_run_anf.
2017-08-03T03:29:03+00:00 PengfeideMacBook-Pro.local#02 I: Start test suite:5:forty_one.
2017-08-03T03:29:03+00:00 PengfeideMacBook-Pro.local#00 I: Still 2 tests running : suite:5:forty_one, suite:4:forty_one_run_anf.
2017-08-03T03:29:03+00:00 PengfeideMacBook-Pro.local#00 I: 2 tests running: suite:5:forty_one, suite:4:forty_one_run_anf.
2017-08-03T03:29:03+00:00 PengfeideMacBook-Pro.local#01 I: Test suite:4:forty_one_run_anf is successful.
2017-08-03T03:29:03+00:00 PengfeideMacBook-Pro.local#00 I: Still 2 tests running : suite:5:forty_one, suite:4:forty_one_run_anf.
2017-08-03T03:29:03+00:00 PengfeideMacBook-Pro.local#00 I: 2 tests running: suite:5:forty_one, suite:4:forty_one_run_anf.
2017-08-03T03:29:03+00:00 PengfeideMacBook-Pro.local#01 I: End test suite:4:forty_one_run_anf.
2017-08-03T03:29:03+00:00 PengfeideMacBook-Pro.local#02 I: Test suite:5:forty_one is successful.
2017-08-03T03:29:03+00:00 PengfeideMacBook-Pro.local#00 I: Still 2 tests running : suite:5:forty_one, suite:4:forty_one_run_anf.
2017-08-03T03:29:03+00:00 PengfeideMacBook-Pro.local#00 I: 2 tests running: suite:5:forty_one, suite:4:forty_one_run_anf.
2017-08-03T03:29:03+00:00 PengfeideMacBook-Pro.local#02 I: End test suite:5:forty_one.
2017-08-03T03:29:03+00:00 PengfeideMacBook-Pro.local#00 I: Still 1 tests running : suite:5:forty_one.
2017-08-03T03:29:03+00:00 PengfeideMacBook-Pro.local#00 I: 1 tests running: suite:5:forty_one.
2017-08-03T03:29:03+00:00 PengfeideMacBook-Pro.local#00 I: 0 tests running: .
2017-08-03T03:29:03+00:00 PengfeideMacBook-Pro.local#00 I: Worker PengfeideMacBook-Pro.local#01 has ended.
2017-08-03T03:29:03+00:00 PengfeideMacBook-Pro.local#00 I: 0 tests running: .
2017-08-03T03:29:03+00:00 PengfeideMacBook-Pro.local#00 I: Worker PengfeideMacBook-Pro.local#02 has ended.
2017-08-03T03:29:03+00:00 PengfeideMacBook-Pro.local#00 I: Used 2 worker during test execution.
2017-08-03T03:29:03+00:00 PengfeideMacBook-Pro.local#00 I: Run 3 tests with shard PengfeideMacBook-Pro.local#02.
2017-08-03T03:29:03+00:00 PengfeideMacBook-Pro.local#00 I: Run 3 tests with shard PengfeideMacBook-Pro.local#01.
2017-08-03T03:29:03+00:00 PengfeideMacBook-Pro.local#00 I: ==============
2017-08-03T03:29:03+00:00 PengfeideMacBook-Pro.local#00 I: Summary:
2017-08-03T03:29:03+00:00 PengfeideMacBook-Pro.local#00 I: Test suite:5:forty_one is successful.
2017-08-03T03:29:03+00:00 PengfeideMacBook-Pro.local#00 I: Test suite:4:forty_one_run_anf is successful.
2017-08-03T03:29:03+00:00 PengfeideMacBook-Pro.local#00 E: Test suite:3:prim1_anf2 exited with an error.
2017-08-03T03:29:03+00:00 PengfeideMacBook-Pro.local#00 E: Failure("You need to do this one (prim2)") in test suite:3:prim1_anf2.
2017-08-03T03:29:03+00:00 PengfeideMacBook-Pro.local#00 E: Raised at file "pervasives.ml", line 32, characters 17-33
2017-08-03T03:29:03+00:00 PengfeideMacBook-Pro.local#00 E: Called from file "test.ml", line 16, characters 15-28
2017-08-03T03:29:03+00:00 PengfeideMacBook-Pro.local#00 E: Called from file "src/oUnitRunner.ml", line 46, characters 13-26
2017-08-03T03:29:03+00:00 PengfeideMacBook-Pro.local#00 E: 
2017-08-03T03:29:03+00:00 PengfeideMacBook-Pro.local#00 E: Test suite:2:prim1_anf1 has failed.
2017-08-03T03:29:03+00:00 PengfeideMacBook-Pro.local#00 E: expected: (let temp_unary_2 = sub1(5) in (let temp_unary_1 = sub1(temp_unary_2) in temp_unary_1))
2017-08-03T03:29:03+00:00 PengfeideMacBook-Pro.local#00 E: but got: (let temp_unary_1 = sub1(55) in temp_unary_1) in test suite:2:prim1_anf1.
2017-08-03T03:29:03+00:00 PengfeideMacBook-Pro.local#00 E: Raised at file "src/oUnitAssert.ml", line 45, characters 2-27
2017-08-03T03:29:03+00:00 PengfeideMacBook-Pro.local#00 E: Called from file "src/oUnitRunner.ml", line 46, characters 13-26
2017-08-03T03:29:03+00:00 PengfeideMacBook-Pro.local#00 E: 
2017-08-03T03:29:03+00:00 PengfeideMacBook-Pro.local#00 I: Test suite:1:prim1_anf is successful.
2017-08-03T03:29:03+00:00 PengfeideMacBook-Pro.local#00 I: Test suite:0:forty_one_anf is successful.
2017-08-03T03:29:03+00:00 PengfeideMacBook-Pro.local#00 I: Ran: 6 tests in: 0.17 seconds.
2017-08-03T03:29:03+00:00 PengfeideMacBook-Pro.local#00 I: Cases: 6.
2017-08-03T03:29:03+00:00 PengfeideMacBook-Pro.local#00 I: Tried: 6.
2017-08-03T03:29:03+00:00 PengfeideMacBook-Pro.local#00 I: Errors: 1.
2017-08-03T03:29:03+00:00 PengfeideMacBook-Pro.local#00 I: Failures: 1.
2017-08-03T03:29:03+00:00 PengfeideMacBook-Pro.local#00 I: Skip: 0.
2017-08-03T03:29:03+00:00 PengfeideMacBook-Pro.local#00 I: Todo: 0.
2017-08-03T03:29:03+00:00 PengfeideMacBook-Pro.local#00 I: Timeout: 0.
